\BOOKMARK [1][-]{tableofcontents.1}{\315ndice general}{}% 1
\BOOKMARK [1][-]{lof.1}{\315ndice de figuras}{}% 2
\BOOKMARK [1][-]{lot.1}{\315ndice de cuadros}{}% 3
\BOOKMARK [1][-]{lol.1}{Listings}{}% 4
\BOOKMARK [1][-]{section.0.1}{0.1 Introducci\363n}{}% 5
\BOOKMARK [1][-]{section.0.2}{0.2 Justificaci\363n}{}% 6
\BOOKMARK [1][-]{section.0.3}{0.3 Objetivos}{}% 7
\BOOKMARK [-1][]{part.1}{}{}% 8
\BOOKMARK [0][]{chapter.1}{1 Vectores}{part.1}% 9
\BOOKMARK [1][-]{section.1.1}{1.1 Un punto en el espacio}{chapter.1}% 10
\BOOKMARK [1][-]{section.1.5}{1.5 Vector localizado}{chapter.1}% 11
\BOOKMARK [1][-]{section.1.6}{1.6 Producto punto}{chapter.1}% 12
\BOOKMARK [1][-]{section.1.8}{1.8 La norma de un vector}{chapter.1}% 13
\BOOKMARK [1][-]{section.1.10}{1.10 De cuaterniones a vectores}{chapter.1}% 14
\BOOKMARK [0][]{chapter.2}{2 Diferenciaci\363n}{part.1}% 15
\BOOKMARK [1][-]{section.2.1}{2.1 L\355mites y continuidad}{chapter.2}% 16
\BOOKMARK [1][-]{section.2.3}{2.3 Diferenciaci\363n}{chapter.2}% 17
\BOOKMARK [-1][]{part.2}{}{}% 18
\BOOKMARK [0][]{chapter.3}{3 Curvas en R3}{part.2}% 19
\BOOKMARK [1][-]{section.3.1}{3.1 \277Qu\351 es una curva?}{chapter.3}% 20
\BOOKMARK [1][-]{section.3.4}{3.4 Vector tangente a una curva parametrizada}{chapter.3}% 21
\BOOKMARK [1][-]{section.3.6}{3.6 Espacio tangente a una curva parametrizada}{chapter.3}% 22
\BOOKMARK [0][]{chapter.4}{4 Variedad 1-dimensional}{part.2}% 23
\BOOKMARK [1][-]{section.4.1}{4.1 Teorema de la funci\363n impl\355cita}{chapter.4}% 24
\BOOKMARK [2][-]{subsection.4.3.1}{4.3.1 Caso especial: curva}{section.4.1}% 25
\BOOKMARK [1][-]{section.4.4}{4.4 Variedad 1-dimensional}{chapter.4}% 26
\BOOKMARK [1][-]{section.4.9}{4.9 Conclusiones}{chapter.4}% 27
\BOOKMARK [-1][]{part.3}{Ap\351ndice}{}% 28
\BOOKMARK [0][]{appendix.Alph1}{A Algunas definiciones \372tiles}{part.3}% 29
\BOOKMARK [1][-]{section.Alph1.1}{A.1 Bibliografia}{appendix.Alph1}% 30
